Initialising csv files...
Running FPGA projects...
	Running: nw
		Iteration: 0
		Iteration: 1
		Iteration: 2
		Iteration: 3
		Iteration: 4
		Iteration: 5
		Iteration: 6
		Iteration: 7
		Iteration: 8
		Iteration: 9
	Running: hotspot
		Iteration: 0
		Iteration: 1
		Iteration: 2
		Iteration: 3
		Iteration: 4
		Iteration: 5
		Iteration: 6
		Iteration: 7
		Iteration: 8
		Iteration: 9
	Running: hotspot3D
		Iteration: 0
		Iteration: 1
		Iteration: 2
		Iteration: 3
		Iteration: 4
		Iteration: 5
		Iteration: 6
		Iteration: 7
		Iteration: 8
		Iteration: 9
	Running: pathfinder
		Iteration: 0
		Iteration: 1
		Iteration: 2
		Iteration: 3
		Iteration: 4
		Iteration: 5
		Iteration: 6
		Iteration: 7
		Iteration: 8
		Iteration: 9
