Initialising csv files...
Running GPU projects...
	Running: poisson1
		Iteration: 0
		Iteration: 1
		Iteration: 2
		Iteration: 3
		Iteration: 4
		Iteration: 5
		Iteration: 6
		Iteration: 7
		Iteration: 8
		Iteration: 9
	Running: poisson2
		Iteration: 0
		Iteration: 1
		Iteration: 2
		Iteration: 3
		Iteration: 4
		Iteration: 5
		Iteration: 6
		Iteration: 7
		Iteration: 8
		Iteration: 9
	Running: bitonic1
		Iteration: 0
		Iteration: 1
		Iteration: 2
		Iteration: 3
		Iteration: 4
		Iteration: 5
		Iteration: 6
		Iteration: 7
		Iteration: 8
		Iteration: 9
	Running: bitonic2
		Iteration: 0
		Iteration: 1
		Iteration: 2
		Iteration: 3
		Iteration: 4
		Iteration: 5
		Iteration: 6
		Iteration: 7
		Iteration: 8
		Iteration: 9
	Running: bitonic3
		Iteration: 0
		Iteration: 1
		Iteration: 2
		Iteration: 3
		Iteration: 4
		Iteration: 5
		Iteration: 6
		Iteration: 7
		Iteration: 8
		Iteration: 9
	Running: nw1
		Iteration: 0
		Iteration: 1
		Iteration: 2
		Iteration: 3
		Iteration: 4
		Iteration: 5
		Iteration: 6
		Iteration: 7
		Iteration: 8
		Iteration: 9
	Running: nw2
		Iteration: 0
		Iteration: 1
		Iteration: 2
		Iteration: 3
		Iteration: 4
		Iteration: 5
		Iteration: 6
		Iteration: 7
		Iteration: 8
		Iteration: 9
	Running: hotspot
		Iteration: 0
		Iteration: 1
		Iteration: 2
		Iteration: 3
		Iteration: 4
		Iteration: 5
		Iteration: 6
		Iteration: 7
		Iteration: 8
		Iteration: 9
	Running: hotspot3D
		Iteration: 0
		Iteration: 1
		Iteration: 2
		Iteration: 3
		Iteration: 4
		Iteration: 5
		Iteration: 6
		Iteration: 7
		Iteration: 8
		Iteration: 9
	Running: pathfinder
		Iteration: 0
		Iteration: 1
		Iteration: 2
		Iteration: 3
		Iteration: 4
		Iteration: 5
		Iteration: 6
		Iteration: 7
		Iteration: 8
		Iteration: 9
	Running: srad
		Iteration: 0
		Iteration: 1
		Iteration: 2
		Iteration: 3
		Iteration: 4
		Iteration: 5
		Iteration: 6
		Iteration: 7
		Iteration: 8
		Iteration: 9
	Running: lud1
		Iteration: 0
		Iteration: 1
		Iteration: 2
		Iteration: 3
		Iteration: 4
		Iteration: 5
		Iteration: 6
		Iteration: 7
		Iteration: 8
		Iteration: 9
	Running: lud2
		Iteration: 0
		Iteration: 1
		Iteration: 2
		Iteration: 3
		Iteration: 4
		Iteration: 5
		Iteration: 6
		Iteration: 7
		Iteration: 8
		Iteration: 9
	Running: lud3
		Iteration: 0
		Iteration: 1
		Iteration: 2
		Iteration: 3
		Iteration: 4
		Iteration: 5
		Iteration: 6
		Iteration: 7
		Iteration: 8
		Iteration: 9
