Initialising csv files...
Running FPGA projects...
	Running: hotspot
		Iteration: 0
		Iteration: 1
		Iteration: 2
		Iteration: 3
		Iteration: 4
		Iteration: 5
		Iteration: 6
		Iteration: 7
		Iteration: 8
		Iteration: 9
	Running: kmeans
		Iteration: 0
		Iteration: 1
		Iteration: 2
		Iteration: 3
		Iteration: 4
		Iteration: 5
		Iteration: 6
		Iteration: 7
		Iteration: 8
		Iteration: 9
	Running: lavamd
		Iteration: 0
		Iteration: 1
		Iteration: 2
		Iteration: 3
		Iteration: 4
		Iteration: 5
		Iteration: 6
		Iteration: 7
		Iteration: 8
		Iteration: 9
	Running: nn
		Iteration: 0
		Iteration: 1
		Iteration: 2
		Iteration: 3
		Iteration: 4
		Iteration: 5
		Iteration: 6
		Iteration: 7
		Iteration: 8
		Iteration: 9
	Running: nw1
		Iteration: 0
		Iteration: 1
		Iteration: 2
		Iteration: 3
		Iteration: 4
		Iteration: 5
		Iteration: 6
		Iteration: 7
		Iteration: 8
		Iteration: 9
	Running: nw2
		Iteration: 0
		Iteration: 1
		Iteration: 2
		Iteration: 3
		Iteration: 4
		Iteration: 5
		Iteration: 6
		Iteration: 7
		Iteration: 8
		Iteration: 9
	Running: pathfinder
		Iteration: 0
		Iteration: 1
		Iteration: 2
		Iteration: 3
		Iteration: 4
		Iteration: 5
		Iteration: 6
		Iteration: 7
		Iteration: 8
		Iteration: 9
	Running: srad
		Iteration: 0
		Iteration: 1
		Iteration: 2
		Iteration: 3
		Iteration: 4
		Iteration: 5
		Iteration: 6
		Iteration: 7
		Iteration: 8
		Iteration: 9
	Running: backprop1
		Iteration: 0
		Iteration: 1
		Iteration: 2
		Iteration: 3
		Iteration: 4
		Iteration: 5
		Iteration: 6
		Iteration: 7
		Iteration: 8
		Iteration: 9
	Running: backprop2
		Iteration: 0
		Iteration: 1
		Iteration: 2
		Iteration: 3
		Iteration: 4
		Iteration: 5
		Iteration: 6
		Iteration: 7
		Iteration: 8
		Iteration: 9
	Running: lud1
		Iteration: 0
		Iteration: 1
		Iteration: 2
		Iteration: 3
		Iteration: 4
		Iteration: 5
		Iteration: 6
		Iteration: 7
		Iteration: 8
		Iteration: 9
	Running: lud2
		Iteration: 0
		Iteration: 1
		Iteration: 2
		Iteration: 3
		Iteration: 4
		Iteration: 5
		Iteration: 6
		Iteration: 7
		Iteration: 8
		Iteration: 9
	Running: lud3
		Iteration: 0
		Iteration: 1
		Iteration: 2
		Iteration: 3
		Iteration: 4
		Iteration: 5
		Iteration: 6
		Iteration: 7
		Iteration: 8
		Iteration: 9
	Running: leukocyte1
		Iteration: 0
		Iteration: 1
		Iteration: 2
		Iteration: 3
		Iteration: 4
		Iteration: 5
		Iteration: 6
		Iteration: 7
		Iteration: 8
		Iteration: 9
	Running: leukocyte2
		Iteration: 0
		Iteration: 1
		Iteration: 2
		Iteration: 3
		Iteration: 4
		Iteration: 5
		Iteration: 6
		Iteration: 7
		Iteration: 8
		Iteration: 9
	Running: hybridsort1
		Iteration: 0
		Iteration: 1
		Iteration: 2
		Iteration: 3
		Iteration: 4
		Iteration: 5
		Iteration: 6
		Iteration: 7
		Iteration: 8
		Iteration: 9
	Running: hybridsort2
		Iteration: 0
		Iteration: 1
		Iteration: 2
		Iteration: 3
		Iteration: 4
		Iteration: 5
		Iteration: 6
		Iteration: 7
		Iteration: 8
		Iteration: 9
	Running: hybridsort3
		Iteration: 0
		Iteration: 1
		Iteration: 2
		Iteration: 3
		Iteration: 4
		Iteration: 5
		Iteration: 6
		Iteration: 7
		Iteration: 8
		Iteration: 9
	Running: hotspot3D
		Iteration: 0
		Iteration: 1
		Iteration: 2
		Iteration: 3
		Iteration: 4
		Iteration: 5
		Iteration: 6
		Iteration: 7
		Iteration: 8
		Iteration: 9
	Running: cfd
		Iteration: 0
		Iteration: 1
		Iteration: 2
		Iteration: 3
		Iteration: 4
		Iteration: 5
		Iteration: 6
		Iteration: 7
		Iteration: 8
		Iteration: 9
	Running: bptree
		Iteration: 0
		Iteration: 1
		Iteration: 2
		Iteration: 3
		Iteration: 4
		Iteration: 5
		Iteration: 6
		Iteration: 7
		Iteration: 8
		Iteration: 9
	Running: particlefilter1
		Project is not compiled
	Running: particlefilter2
		Project is not compiled
	Running: streamcluster
		Iteration: 0
		Iteration: 1
		Iteration: 2
		Iteration: 3
		Iteration: 4
		Iteration: 5
		Iteration: 6
		Iteration: 7
		Iteration: 8
		Iteration: 9
	Running: bfs
		Iteration: 0
		Iteration: 1
		Iteration: 2
		Iteration: 3
		Iteration: 4
		Iteration: 5
		Iteration: 6
		Iteration: 7
		Iteration: 8
		Iteration: 9
	Running: fft
		Iteration: 0
		Iteration: 1
		Iteration: 2
		Iteration: 3
		Iteration: 4
		Iteration: 5
		Iteration: 6
		Iteration: 7
		Iteration: 8
		Iteration: 9
	Running: gemm
		Project is not compiled
	Running: md
		Iteration: 0
		Iteration: 1
		Iteration: 2
		Iteration: 3
		Iteration: 4
		Iteration: 5
		Iteration: 6
		Iteration: 7
		Iteration: 8
		Iteration: 9
	Running: md5hash
		Iteration: 0
		Iteration: 1
		Iteration: 2
		Iteration: 3
		Iteration: 4
		Iteration: 5
		Iteration: 6
		Iteration: 7
		Iteration: 8
		Iteration: 9
	Running: reduction
		Iteration: 0
		Iteration: 1
		Iteration: 2
		Iteration: 3
		Iteration: 4
		Iteration: 5
		Iteration: 6
		Iteration: 7
		Iteration: 8
		Iteration: 9
	Running: spmv
		Iteration: 0
		Iteration: 1
		Iteration: 2
		Iteration: 3
		Iteration: 4
		Iteration: 5
		Iteration: 6
		Iteration: 7
		Iteration: 8
		Iteration: 9
	Running: stencil2d
		Iteration: 0
		Iteration: 1
		Iteration: 2
		Iteration: 3
		Iteration: 4
		Iteration: 5
		Iteration: 6
		Iteration: 7
		Iteration: 8
		Iteration: 9
	Running: scan
		Iteration: 0
		Iteration: 1
		Iteration: 2
		Iteration: 3
		Iteration: 4
		Iteration: 5
		Iteration: 6
		Iteration: 7
		Iteration: 8
		Iteration: 9
	Running: ndrsd1
		Iteration: 0
		Iteration: 1
		Iteration: 2
		Iteration: 3
		Iteration: 4
		Iteration: 5
		Iteration: 6
		Iteration: 7
		Iteration: 8
		Iteration: 9
	Running: ndrsd2
		Iteration: 0
		Iteration: 1
		Iteration: 2
		Iteration: 3
		Iteration: 4
		Iteration: 5
		Iteration: 6
		Iteration: 7
		Iteration: 8
		Iteration: 9
	Running: ndrsd3
		Iteration: 0
		Iteration: 1
		Iteration: 2
		Iteration: 3
		Iteration: 4
		Iteration: 5
		Iteration: 6
		Iteration: 7
		Iteration: 8
		Iteration: 9
	Running: ndrsd4
		Iteration: 0
		Iteration: 1
		Iteration: 2
		Iteration: 3
		Iteration: 4
		Iteration: 5
		Iteration: 6
		Iteration: 7
		Iteration: 8
		Iteration: 9
	Running: ndrsdfull
		Project is not compiled
